<?xml version="1.0" encoding="UTF-8"?>
<testsuite name="response.ResponserTest" tests="1" skipped="0" failures="0" errors="0" timestamp="2022-11-12T03:50:19" hostname="huni1006ui-MacBookPro-2.local" time="0.047">
  <properties/>
  <testcase name="teste()" classname="response.ResponserTest" time="0.047"/>
  <system-out><![CDATA[]]></system-out>
  <system-err><![CDATA[]]></system-err>
</testsuite>
